<?xml version="1.0" encoding="UTF-8"?>
<!-- Generated by org.testng.reporters.JUnitXMLReporter -->
<testsuite ignored="0" hostname="DESKTOP-HVLADVB" failures="0" tests="4" name="Free CRM App Test Cases" time="92.768" errors="0" timestamp="21 Nov 2021 06:53:15 GMT">
  <testcase classname="com.crm.qa.testcases.LoginPageTest" name="loginPageTitleTest" time="0.016"/>
  <testcase classname="com.crm.qa.testcases.HomePageTest" name="verifyHomePageTitleTest" time="0.007"/>
  <testcase classname="com.crm.qa.testcases.HomePageTest" name="claimsSearchTest" time="21.834"/>
  <testcase classname="com.crm.qa.testcases.LoginPageTest" name="loginTest" time="16.337"/>
</testsuite> <!-- Free CRM App Test Cases -->
