<?xml version="1.0" encoding="UTF-8"?>
<!-- Generated by org.testng.reporters.JUnitXMLReporter -->
<testsuite ignored="0" hostname="DESKTOP-HVLADVB" failures="0" tests="4" name="Default test" time="95.559" errors="0" timestamp="21 Nov 2021 12:33:49 GMT">
  <testcase classname="com.apc.kaiser.testcases.HomePageTest" name="verifyHomePageTitleTest" time="0.014"/>
  <testcase classname="com.apc.kaiser.testcases.LoginPageTest" name="loginPageTitleTest" time="0.024"/>
  <testcase classname="com.apc.kaiser.testcases.HomePageTest" name="claimsSearchTest" time="22.806"/>
  <testcase classname="com.apc.kaiser.testcases.LoginPageTest" name="loginTest" time="17.673"/>
</testsuite> <!-- Default test -->
