<?xml version="1.0" encoding="UTF-8"?>
<testng-results ignored="0" total="4" passed="4" failed="0" skipped="0">
  <reporter-output>
  </reporter-output>
  <suite started-at="2021-11-21T12:32:13Z" name="Default suite" finished-at="2021-11-21T12:33:49Z" duration-ms="95559">
    <groups>
    </groups>
    <test started-at="2021-11-21T12:32:13Z" name="Default test" finished-at="2021-11-21T12:33:49Z" duration-ms="95559">
      <class name="com.apc.kaiser.testcases.HomePageTest">
        <test-method is-config="true" signature="setUp()[pri:0, instance:com.apc.kaiser.testcases.HomePageTest@655a5d9c]" started-at="2021-11-21T18:02:13Z" name="setUp" finished-at="2021-11-21T18:02:35Z" duration-ms="21642" status="PASS">
          <reporter-output>
          </reporter-output>
        </test-method> <!-- setUp -->
        <test-method signature="verifyHomePageTitleTest()[pri:1, instance:com.apc.kaiser.testcases.HomePageTest@655a5d9c]" started-at="2021-11-21T18:02:35Z" name="verifyHomePageTitleTest" finished-at="2021-11-21T18:02:35Z" duration-ms="14" status="PASS">
          <reporter-output>
          </reporter-output>
        </test-method> <!-- verifyHomePageTitleTest -->
        <test-method is-config="true" signature="setUp()[pri:0, instance:com.apc.kaiser.testcases.HomePageTest@655a5d9c]" started-at="2021-11-21T18:02:43Z" name="setUp" finished-at="2021-11-21T18:03:00Z" duration-ms="16848" status="PASS">
          <reporter-output>
          </reporter-output>
        </test-method> <!-- setUp -->
        <test-method signature="claimsSearchTest()[pri:2, instance:com.apc.kaiser.testcases.HomePageTest@655a5d9c]" started-at="2021-11-21T18:03:00Z" name="claimsSearchTest" finished-at="2021-11-21T18:03:22Z" duration-ms="22806" status="PASS">
          <reporter-output>
          </reporter-output>
        </test-method> <!-- claimsSearchTest -->
      </class> <!-- com.apc.kaiser.testcases.HomePageTest -->
      <class name="com.apc.kaiser.testcases.LoginPageTest">
        <test-method is-config="true" signature="setUp()[pri:0, instance:com.apc.kaiser.testcases.LoginPageTest@1494b84d]" started-at="2021-11-21T18:02:35Z" name="setUp" finished-at="2021-11-21T18:02:43Z" duration-ms="7980" status="PASS">
          <reporter-output>
          </reporter-output>
        </test-method> <!-- setUp -->
        <test-method signature="loginPageTitleTest()[pri:1, instance:com.apc.kaiser.testcases.LoginPageTest@1494b84d]" started-at="2021-11-21T18:02:43Z" name="loginPageTitleTest" finished-at="2021-11-21T18:02:43Z" duration-ms="24" status="PASS">
          <reporter-output>
          </reporter-output>
        </test-method> <!-- loginPageTitleTest -->
        <test-method is-config="true" signature="setUp()[pri:0, instance:com.apc.kaiser.testcases.LoginPageTest@1494b84d]" started-at="2021-11-21T18:03:22Z" name="setUp" finished-at="2021-11-21T18:03:31Z" duration-ms="8533" status="PASS">
          <reporter-output>
          </reporter-output>
        </test-method> <!-- setUp -->
        <test-method signature="loginTest()[pri:3, instance:com.apc.kaiser.testcases.LoginPageTest@1494b84d]" started-at="2021-11-21T18:03:31Z" name="loginTest" finished-at="2021-11-21T18:03:49Z" duration-ms="17673" status="PASS">
          <reporter-output>
          </reporter-output>
        </test-method> <!-- loginTest -->
      </class> <!-- com.apc.kaiser.testcases.LoginPageTest -->
    </test> <!-- Default test -->
  </suite> <!-- Default suite -->
</testng-results>
