<?xml version="1.0" encoding="UTF-8"?>
<testng-results ignored="0" total="4" passed="4" failed="0" skipped="0">
  <reporter-output>
  </reporter-output>
  <suite started-at="2021-11-21T13:07:15Z" name="APC Application Test Automation Test Suite" finished-at="2021-11-21T13:08:43Z" duration-ms="87161">
    <groups>
    </groups>
    <test started-at="2021-11-21T13:07:15Z" name="Kaiser APC App Test Cases" finished-at="2021-11-21T13:08:43Z" duration-ms="87161">
      <class name="com.apc.kaiser.testcases.HomePageTest">
        <test-method is-config="true" signature="setUp()[pri:0, instance:com.apc.kaiser.testcases.HomePageTest@544820b7]" started-at="2021-11-21T18:37:24Z" name="setUp" finished-at="2021-11-21T18:37:39Z" duration-ms="15213" status="PASS">
          <reporter-output>
          </reporter-output>
        </test-method> <!-- setUp -->
        <test-method signature="verifyHomePageTitleTest()[pri:1, instance:com.apc.kaiser.testcases.HomePageTest@544820b7]" started-at="2021-11-21T18:37:39Z" name="verifyHomePageTitleTest" finished-at="2021-11-21T18:37:39Z" duration-ms="9" status="PASS">
          <reporter-output>
          </reporter-output>
        </test-method> <!-- verifyHomePageTitleTest -->
        <test-method is-config="true" signature="setUp()[pri:0, instance:com.apc.kaiser.testcases.HomePageTest@544820b7]" started-at="2021-11-21T18:37:39Z" name="setUp" finished-at="2021-11-21T18:37:53Z" duration-ms="13542" status="PASS">
          <reporter-output>
          </reporter-output>
        </test-method> <!-- setUp -->
        <test-method signature="claimsSearchTest()[pri:2, instance:com.apc.kaiser.testcases.HomePageTest@544820b7]" started-at="2021-11-21T18:37:53Z" name="claimsSearchTest" finished-at="2021-11-21T18:38:16Z" duration-ms="22704" status="PASS">
          <reporter-output>
          </reporter-output>
        </test-method> <!-- claimsSearchTest -->
      </class> <!-- com.apc.kaiser.testcases.HomePageTest -->
      <class name="com.apc.kaiser.testcases.LoginPageTest">
        <test-method is-config="true" signature="setUp()[pri:0, instance:com.apc.kaiser.testcases.LoginPageTest@3bd418e4]" started-at="2021-11-21T18:37:15Z" name="setUp" finished-at="2021-11-21T18:37:24Z" duration-ms="8620" status="PASS">
          <reporter-output>
          </reporter-output>
        </test-method> <!-- setUp -->
        <test-method signature="loginPageTitleTest()[pri:1, instance:com.apc.kaiser.testcases.LoginPageTest@3bd418e4]" started-at="2021-11-21T18:37:24Z" name="loginPageTitleTest" finished-at="2021-11-21T18:37:24Z" duration-ms="25" status="PASS">
          <reporter-output>
          </reporter-output>
        </test-method> <!-- loginPageTitleTest -->
        <test-method is-config="true" signature="setUp()[pri:0, instance:com.apc.kaiser.testcases.LoginPageTest@3bd418e4]" started-at="2021-11-21T18:38:16Z" name="setUp" finished-at="2021-11-21T18:38:24Z" duration-ms="8101" status="PASS">
          <reporter-output>
          </reporter-output>
        </test-method> <!-- setUp -->
        <test-method signature="loginTest()[pri:3, instance:com.apc.kaiser.testcases.LoginPageTest@3bd418e4]" started-at="2021-11-21T18:38:24Z" name="loginTest" finished-at="2021-11-21T18:38:43Z" duration-ms="18925" status="PASS">
          <reporter-output>
          </reporter-output>
        </test-method> <!-- loginTest -->
      </class> <!-- com.apc.kaiser.testcases.LoginPageTest -->
    </test> <!-- Kaiser APC App Test Cases -->
  </suite> <!-- APC Application Test Automation Test Suite -->
</testng-results>
