<?xml version="1.0" encoding="UTF-8"?>
<!-- Generated by org.testng.reporters.JUnitXMLReporter -->
<testsuite ignored="0" hostname="DESKTOP-HVLADVB" failures="0" tests="4" name="Free CRM App Test Cases" time="84.823" errors="0" timestamp="21 Nov 2021 07:57:22 GMT">
  <testcase classname="com.apc.kaiser.testcases.LoginPageTest" name="loginPageTitleTest" time="0.015"/>
  <testcase classname="com.apc.kaiser.testcases.HomePageTest" name="verifyHomePageTitleTest" time="0.006"/>
  <testcase classname="com.apc.kaiser.testcases.HomePageTest" name="claimsSearchTest" time="22.396"/>
  <testcase classname="com.apc.kaiser.testcases.LoginPageTest" name="loginTest" time="17.507"/>
</testsuite> <!-- Free CRM App Test Cases -->
