<?xml version="1.0" encoding="UTF-8"?>
<!-- Generated by org.testng.reporters.JUnitXMLReporter -->
<testsuite ignored="0" hostname="DESKTOP-HVLADVB" failures="0" tests="4" name="Kaiser APC App Test Cases" time="210.75" errors="0" timestamp="08 Dec 2021 14:42:29 GMT">
  <testcase classname="com.apc.kaiser.testcases.LoginPageTest" name="loginPageTitleTest" time="0.014"/>
  <testcase classname="com.apc.kaiser.testcases.HomePageTest" name="claimsSearchTest" time="24.782"/>
  <testcase classname="com.apc.kaiser.testcases.ClaimsSearch4ClaimsTest" name="claimsSearchEnterDataTest" time="45.049"/>
  <testcase classname="com.apc.kaiser.testcases.LoginPageTest" name="loginTest" time="9.797"/>
</testsuite> <!-- Kaiser APC App Test Cases -->
