<?xml version="1.0" encoding="UTF-8"?>
<!-- Generated by org.testng.reporters.JUnitXMLReporter -->
<testsuite ignored="0" hostname="DESKTOP-HVLADVB" failures="0" tests="4" name="Kaiser APC App Test Cases" time="183.015" errors="0" timestamp="22 Nov 2021 11:49:18 GMT">
  <testcase classname="com.apc.kaiser.testcases.LoginPageTest" name="loginPageTitleTest" time="0.015"/>
  <testcase classname="com.apc.kaiser.testcases.HomePageTest" name="claimsSearchTest" time="22.712"/>
  <testcase classname="com.apc.kaiser.testcases.ClaimsSearch4ClaimsTest" name="claimsSearchEnterDataTest" time="42.809"/>
  <testcase classname="com.apc.kaiser.testcases.LoginPageTest" name="loginTest" time="9.22"/>
</testsuite> <!-- Kaiser APC App Test Cases -->
